<?xml version="1.0" encoding="UTF-8"?>
<testsuite xmlns:xsi="http://www.w3.org/2001/XMLSchema-instance" xsi:noNamespaceSchemaLocation="https://maven.apache.org/surefire/maven-surefire-plugin/xsd/surefire-test-report.xsd" name="life.majiang.community.CommunityApplicationTests" time="23.013" tests="1" errors="0" skipped="0" failures="0">
  <properties>
    <property name="sun.desktop" value="windows"/>
    <property name="awt.toolkit" value="sun.awt.windows.WToolkit"/>
    <property name="file.encoding.pkg" value="sun.io"/>
    <property name="java.specification.version" value="1.8"/>
    <property name="sun.cpu.isalist" value="amd64"/>
    <property name="sun.jnu.encoding" value="GBK"/>
    <property name="java.class.path" value="E:\MyDownloads\JavaProject\spring-bootProject\community-master\community-master\target\test-classes;E:\MyDownloads\JavaProject\spring-bootProject\community-master\community-master\target\classes;E:\MyDownloads\javaWeb\maven\repository\org\springframework\boot\spring-boot-starter-web\2.1.4.RELEASE\spring-boot-starter-web-2.1.4.RELEASE.jar;E:\MyDownloads\javaWeb\maven\repository\org\springframework\boot\spring-boot-starter\2.1.4.RELEASE\spring-boot-starter-2.1.4.RELEASE.jar;E:\MyDownloads\javaWeb\maven\repository\org\springframework\boot\spring-boot-starter-logging\2.1.4.RELEASE\spring-boot-starter-logging-2.1.4.RELEASE.jar;E:\MyDownloads\javaWeb\maven\repository\ch\qos\logback\logback-classic\1.2.3\logback-classic-1.2.3.jar;E:\MyDownloads\javaWeb\maven\repository\ch\qos\logback\logback-core\1.2.3\logback-core-1.2.3.jar;E:\MyDownloads\javaWeb\maven\repository\org\apache\logging\log4j\log4j-to-slf4j\2.11.2\log4j-to-slf4j-2.11.2.jar;E:\MyDownloads\javaWeb\maven\repository\org\apache\logging\log4j\log4j-api\2.11.2\log4j-api-2.11.2.jar;E:\MyDownloads\javaWeb\maven\repository\org\slf4j\jul-to-slf4j\1.7.26\jul-to-slf4j-1.7.26.jar;E:\MyDownloads\javaWeb\maven\repository\javax\annotation\javax.annotation-api\1.3.2\javax.annotation-api-1.3.2.jar;E:\MyDownloads\javaWeb\maven\repository\org\yaml\snakeyaml\1.23\snakeyaml-1.23.jar;E:\MyDownloads\javaWeb\maven\repository\org\springframework\boot\spring-boot-starter-json\2.1.4.RELEASE\spring-boot-starter-json-2.1.4.RELEASE.jar;E:\MyDownloads\javaWeb\maven\repository\com\fasterxml\jackson\core\jackson-databind\2.9.8\jackson-databind-2.9.8.jar;E:\MyDownloads\javaWeb\maven\repository\com\fasterxml\jackson\core\jackson-annotations\2.9.0\jackson-annotations-2.9.0.jar;E:\MyDownloads\javaWeb\maven\repository\com\fasterxml\jackson\core\jackson-core\2.9.8\jackson-core-2.9.8.jar;E:\MyDownloads\javaWeb\maven\repository\com\fasterxml\jackson\datatype\jackson-datatype-jdk8\2.9.8\jackson-datatype-jdk8-2.9.8.jar;E:\MyDownloads\javaWeb\maven\repository\com\fasterxml\jackson\datatype\jackson-datatype-jsr310\2.9.8\jackson-datatype-jsr310-2.9.8.jar;E:\MyDownloads\javaWeb\maven\repository\com\fasterxml\jackson\module\jackson-module-parameter-names\2.9.8\jackson-module-parameter-names-2.9.8.jar;E:\MyDownloads\javaWeb\maven\repository\org\springframework\boot\spring-boot-starter-tomcat\2.1.4.RELEASE\spring-boot-starter-tomcat-2.1.4.RELEASE.jar;E:\MyDownloads\javaWeb\maven\repository\org\apache\tomcat\embed\tomcat-embed-core\9.0.17\tomcat-embed-core-9.0.17.jar;E:\MyDownloads\javaWeb\maven\repository\org\apache\tomcat\embed\tomcat-embed-el\9.0.17\tomcat-embed-el-9.0.17.jar;E:\MyDownloads\javaWeb\maven\repository\org\apache\tomcat\embed\tomcat-embed-websocket\9.0.17\tomcat-embed-websocket-9.0.17.jar;E:\MyDownloads\javaWeb\maven\repository\org\hibernate\validator\hibernate-validator\6.0.16.Final\hibernate-validator-6.0.16.Final.jar;E:\MyDownloads\javaWeb\maven\repository\javax\validation\validation-api\2.0.1.Final\validation-api-2.0.1.Final.jar;E:\MyDownloads\javaWeb\maven\repository\org\jboss\logging\jboss-logging\3.3.2.Final\jboss-logging-3.3.2.Final.jar;E:\MyDownloads\javaWeb\maven\repository\com\fasterxml\classmate\1.4.0\classmate-1.4.0.jar;E:\MyDownloads\javaWeb\maven\repository\org\springframework\spring-web\5.1.6.RELEASE\spring-web-5.1.6.RELEASE.jar;E:\MyDownloads\javaWeb\maven\repository\org\springframework\spring-beans\5.1.6.RELEASE\spring-beans-5.1.6.RELEASE.jar;E:\MyDownloads\javaWeb\maven\repository\org\springframework\spring-webmvc\5.1.6.RELEASE\spring-webmvc-5.1.6.RELEASE.jar;E:\MyDownloads\javaWeb\maven\repository\org\springframework\spring-aop\5.1.6.RELEASE\spring-aop-5.1.6.RELEASE.jar;E:\MyDownloads\javaWeb\maven\repository\org\springframework\spring-context\5.1.6.RELEASE\spring-context-5.1.6.RELEASE.jar;E:\MyDownloads\javaWeb\maven\repository\org\springframework\spring-expression\5.1.6.RELEASE\spring-expression-5.1.6.RELEASE.jar;E:\MyDownloads\javaWeb\maven\repository\org\springframework\boot\spring-boot-starter-thymeleaf\2.1.4.RELEASE\spring-boot-starter-thymeleaf-2.1.4.RELEASE.jar;E:\MyDownloads\javaWeb\maven\repository\org\thymeleaf\thymeleaf-spring5\3.0.11.RELEASE\thymeleaf-spring5-3.0.11.RELEASE.jar;E:\MyDownloads\javaWeb\maven\repository\org\thymeleaf\thymeleaf\3.0.11.RELEASE\thymeleaf-3.0.11.RELEASE.jar;E:\MyDownloads\javaWeb\maven\repository\org\attoparser\attoparser\2.0.5.RELEASE\attoparser-2.0.5.RELEASE.jar;E:\MyDownloads\javaWeb\maven\repository\org\unbescape\unbescape\1.1.6.RELEASE\unbescape-1.1.6.RELEASE.jar;E:\MyDownloads\javaWeb\maven\repository\org\slf4j\slf4j-api\1.7.26\slf4j-api-1.7.26.jar;E:\MyDownloads\javaWeb\maven\repository\org\thymeleaf\extras\thymeleaf-extras-java8time\3.0.4.RELEASE\thymeleaf-extras-java8time-3.0.4.RELEASE.jar;E:\MyDownloads\javaWeb\maven\repository\org\springframework\boot\spring-boot-starter-jdbc\2.1.4.RELEASE\spring-boot-starter-jdbc-2.1.4.RELEASE.jar;E:\MyDownloads\javaWeb\maven\repository\com\zaxxer\HikariCP\3.2.0\HikariCP-3.2.0.jar;E:\MyDownloads\javaWeb\maven\repository\org\springframework\spring-jdbc\5.1.6.RELEASE\spring-jdbc-5.1.6.RELEASE.jar;E:\MyDownloads\javaWeb\maven\repository\org\springframework\spring-tx\5.1.6.RELEASE\spring-tx-5.1.6.RELEASE.jar;E:\MyDownloads\javaWeb\maven\repository\org\mybatis\spring\boot\mybatis-spring-boot-starter\2.0.1\mybatis-spring-boot-starter-2.0.1.jar;E:\MyDownloads\javaWeb\maven\repository\org\mybatis\spring\boot\mybatis-spring-boot-autoconfigure\2.0.1\mybatis-spring-boot-autoconfigure-2.0.1.jar;E:\MyDownloads\javaWeb\maven\repository\org\mybatis\mybatis\3.5.1\mybatis-3.5.1.jar;E:\MyDownloads\javaWeb\maven\repository\org\mybatis\mybatis-spring\2.0.1\mybatis-spring-2.0.1.jar;E:\MyDownloads\javaWeb\maven\repository\org\springframework\boot\spring-boot-starter-test\2.1.4.RELEASE\spring-boot-starter-test-2.1.4.RELEASE.jar;E:\MyDownloads\javaWeb\maven\repository\org\springframework\boot\spring-boot-test\2.1.4.RELEASE\spring-boot-test-2.1.4.RELEASE.jar;E:\MyDownloads\javaWeb\maven\repository\org\springframework\boot\spring-boot-test-autoconfigure\2.1.4.RELEASE\spring-boot-test-autoconfigure-2.1.4.RELEASE.jar;E:\MyDownloads\javaWeb\maven\repository\com\jayway\jsonpath\json-path\2.4.0\json-path-2.4.0.jar;E:\MyDownloads\javaWeb\maven\repository\net\minidev\json-smart\2.3\json-smart-2.3.jar;E:\MyDownloads\javaWeb\maven\repository\net\minidev\accessors-smart\1.2\accessors-smart-1.2.jar;E:\MyDownloads\javaWeb\maven\repository\org\ow2\asm\asm\5.0.4\asm-5.0.4.jar;E:\MyDownloads\javaWeb\maven\repository\junit\junit\4.12\junit-4.12.jar;E:\MyDownloads\javaWeb\maven\repository\org\assertj\assertj-core\3.11.1\assertj-core-3.11.1.jar;E:\MyDownloads\javaWeb\maven\repository\org\mockito\mockito-core\2.23.4\mockito-core-2.23.4.jar;E:\MyDownloads\javaWeb\maven\repository\net\bytebuddy\byte-buddy\1.9.12\byte-buddy-1.9.12.jar;E:\MyDownloads\javaWeb\maven\repository\net\bytebuddy\byte-buddy-agent\1.9.12\byte-buddy-agent-1.9.12.jar;E:\MyDownloads\javaWeb\maven\repository\org\objenesis\objenesis\2.6\objenesis-2.6.jar;E:\MyDownloads\javaWeb\maven\repository\org\hamcrest\hamcrest-core\1.3\hamcrest-core-1.3.jar;E:\MyDownloads\javaWeb\maven\repository\org\hamcrest\hamcrest-library\1.3\hamcrest-library-1.3.jar;E:\MyDownloads\javaWeb\maven\repository\org\skyscreamer\jsonassert\1.5.0\jsonassert-1.5.0.jar;E:\MyDownloads\javaWeb\maven\repository\com\vaadin\external\google\android-json\0.0.20131108.vaadin1\android-json-0.0.20131108.vaadin1.jar;E:\MyDownloads\javaWeb\maven\repository\org\springframework\spring-core\5.1.6.RELEASE\spring-core-5.1.6.RELEASE.jar;E:\MyDownloads\javaWeb\maven\repository\org\springframework\spring-jcl\5.1.6.RELEASE\spring-jcl-5.1.6.RELEASE.jar;E:\MyDownloads\javaWeb\maven\repository\org\springframework\spring-test\5.1.6.RELEASE\spring-test-5.1.6.RELEASE.jar;E:\MyDownloads\javaWeb\maven\repository\org\xmlunit\xmlunit-core\2.6.2\xmlunit-core-2.6.2.jar;E:\MyDownloads\javaWeb\maven\repository\com\squareup\okhttp3\okhttp\3.14.1\okhttp-3.14.1.jar;E:\MyDownloads\javaWeb\maven\repository\com\squareup\okio\okio\1.17.2\okio-1.17.2.jar;E:\MyDownloads\javaWeb\maven\repository\com\alibaba\fastjson\1.2.57\fastjson-1.2.57.jar;E:\MyDownloads\javaWeb\maven\repository\net\sf\trove4j\core\3.1.0\core-3.1.0.jar;E:\MyDownloads\javaWeb\maven\repository\mysql\mysql-connector-java\5.1.45\mysql-connector-java-5.1.45.jar;E:\MyDownloads\javaWeb\maven\repository\com\h2database\h2\1.4.199\h2-1.4.199.jar;E:\MyDownloads\javaWeb\maven\repository\org\projectlombok\lombok\1.18.6\lombok-1.18.6.jar;E:\MyDownloads\javaWeb\maven\repository\org\springframework\boot\spring-boot-devtools\2.1.4.RELEASE\spring-boot-devtools-2.1.4.RELEASE.jar;E:\MyDownloads\javaWeb\maven\repository\org\springframework\boot\spring-boot\2.1.4.RELEASE\spring-boot-2.1.4.RELEASE.jar;E:\MyDownloads\javaWeb\maven\repository\org\springframework\boot\spring-boot-autoconfigure\2.1.4.RELEASE\spring-boot-autoconfigure-2.1.4.RELEASE.jar;E:\MyDownloads\javaWeb\maven\repository\org\apache\commons\commons-lang3\3.9\commons-lang3-3.9.jar;E:\MyDownloads\javaWeb\maven\repository\cn\ucloud\ufile\ufile-client-java\2.1.1\ufile-client-java-2.1.1.jar;E:\MyDownloads\javaWeb\maven\repository\com\google\code\gson\gson\2.8.5\gson-2.8.5.jar;E:\MyDownloads\javaWeb\maven\repository\cn\ucloud\ufile\ufile-core\2.1.1\ufile-core-2.1.1.jar;"/>
    <property name="java.vm.vendor" value="Oracle Corporation"/>
    <property name="sun.arch.data.model" value="64"/>
    <property name="user.variant" value=""/>
    <property name="java.vendor.url" value="http://java.oracle.com/"/>
    <property name="user.timezone" value="Asia/Shanghai"/>
    <property name="java.vm.specification.version" value="1.8"/>
    <property name="os.name" value="Windows 10"/>
    <property name="user.country" value="CN"/>
    <property name="sun.java.launcher" value="SUN_STANDARD"/>
    <property name="sun.boot.library.path" value="C:\Program Files\Java\jre1.8.0_201\bin"/>
    <property name="sun.java.command" value="C:\Users\张玉雷\AppData\Local\Temp\surefire3399421599957533\surefirebooter6499079125945604636.jar C:\Users\张玉雷\AppData\Local\Temp\surefire3399421599957533 2019-09-16T13-09-41_789-jvmRun1 surefire1501058553464797499tmp surefire_01124268091176962468tmp"/>
    <property name="surefire.test.class.path" value="E:\MyDownloads\JavaProject\spring-bootProject\community-master\community-master\target\test-classes;E:\MyDownloads\JavaProject\spring-bootProject\community-master\community-master\target\classes;E:\MyDownloads\javaWeb\maven\repository\org\springframework\boot\spring-boot-starter-web\2.1.4.RELEASE\spring-boot-starter-web-2.1.4.RELEASE.jar;E:\MyDownloads\javaWeb\maven\repository\org\springframework\boot\spring-boot-starter\2.1.4.RELEASE\spring-boot-starter-2.1.4.RELEASE.jar;E:\MyDownloads\javaWeb\maven\repository\org\springframework\boot\spring-boot-starter-logging\2.1.4.RELEASE\spring-boot-starter-logging-2.1.4.RELEASE.jar;E:\MyDownloads\javaWeb\maven\repository\ch\qos\logback\logback-classic\1.2.3\logback-classic-1.2.3.jar;E:\MyDownloads\javaWeb\maven\repository\ch\qos\logback\logback-core\1.2.3\logback-core-1.2.3.jar;E:\MyDownloads\javaWeb\maven\repository\org\apache\logging\log4j\log4j-to-slf4j\2.11.2\log4j-to-slf4j-2.11.2.jar;E:\MyDownloads\javaWeb\maven\repository\org\apache\logging\log4j\log4j-api\2.11.2\log4j-api-2.11.2.jar;E:\MyDownloads\javaWeb\maven\repository\org\slf4j\jul-to-slf4j\1.7.26\jul-to-slf4j-1.7.26.jar;E:\MyDownloads\javaWeb\maven\repository\javax\annotation\javax.annotation-api\1.3.2\javax.annotation-api-1.3.2.jar;E:\MyDownloads\javaWeb\maven\repository\org\yaml\snakeyaml\1.23\snakeyaml-1.23.jar;E:\MyDownloads\javaWeb\maven\repository\org\springframework\boot\spring-boot-starter-json\2.1.4.RELEASE\spring-boot-starter-json-2.1.4.RELEASE.jar;E:\MyDownloads\javaWeb\maven\repository\com\fasterxml\jackson\core\jackson-databind\2.9.8\jackson-databind-2.9.8.jar;E:\MyDownloads\javaWeb\maven\repository\com\fasterxml\jackson\core\jackson-annotations\2.9.0\jackson-annotations-2.9.0.jar;E:\MyDownloads\javaWeb\maven\repository\com\fasterxml\jackson\core\jackson-core\2.9.8\jackson-core-2.9.8.jar;E:\MyDownloads\javaWeb\maven\repository\com\fasterxml\jackson\datatype\jackson-datatype-jdk8\2.9.8\jackson-datatype-jdk8-2.9.8.jar;E:\MyDownloads\javaWeb\maven\repository\com\fasterxml\jackson\datatype\jackson-datatype-jsr310\2.9.8\jackson-datatype-jsr310-2.9.8.jar;E:\MyDownloads\javaWeb\maven\repository\com\fasterxml\jackson\module\jackson-module-parameter-names\2.9.8\jackson-module-parameter-names-2.9.8.jar;E:\MyDownloads\javaWeb\maven\repository\org\springframework\boot\spring-boot-starter-tomcat\2.1.4.RELEASE\spring-boot-starter-tomcat-2.1.4.RELEASE.jar;E:\MyDownloads\javaWeb\maven\repository\org\apache\tomcat\embed\tomcat-embed-core\9.0.17\tomcat-embed-core-9.0.17.jar;E:\MyDownloads\javaWeb\maven\repository\org\apache\tomcat\embed\tomcat-embed-el\9.0.17\tomcat-embed-el-9.0.17.jar;E:\MyDownloads\javaWeb\maven\repository\org\apache\tomcat\embed\tomcat-embed-websocket\9.0.17\tomcat-embed-websocket-9.0.17.jar;E:\MyDownloads\javaWeb\maven\repository\org\hibernate\validator\hibernate-validator\6.0.16.Final\hibernate-validator-6.0.16.Final.jar;E:\MyDownloads\javaWeb\maven\repository\javax\validation\validation-api\2.0.1.Final\validation-api-2.0.1.Final.jar;E:\MyDownloads\javaWeb\maven\repository\org\jboss\logging\jboss-logging\3.3.2.Final\jboss-logging-3.3.2.Final.jar;E:\MyDownloads\javaWeb\maven\repository\com\fasterxml\classmate\1.4.0\classmate-1.4.0.jar;E:\MyDownloads\javaWeb\maven\repository\org\springframework\spring-web\5.1.6.RELEASE\spring-web-5.1.6.RELEASE.jar;E:\MyDownloads\javaWeb\maven\repository\org\springframework\spring-beans\5.1.6.RELEASE\spring-beans-5.1.6.RELEASE.jar;E:\MyDownloads\javaWeb\maven\repository\org\springframework\spring-webmvc\5.1.6.RELEASE\spring-webmvc-5.1.6.RELEASE.jar;E:\MyDownloads\javaWeb\maven\repository\org\springframework\spring-aop\5.1.6.RELEASE\spring-aop-5.1.6.RELEASE.jar;E:\MyDownloads\javaWeb\maven\repository\org\springframework\spring-context\5.1.6.RELEASE\spring-context-5.1.6.RELEASE.jar;E:\MyDownloads\javaWeb\maven\repository\org\springframework\spring-expression\5.1.6.RELEASE\spring-expression-5.1.6.RELEASE.jar;E:\MyDownloads\javaWeb\maven\repository\org\springframework\boot\spring-boot-starter-thymeleaf\2.1.4.RELEASE\spring-boot-starter-thymeleaf-2.1.4.RELEASE.jar;E:\MyDownloads\javaWeb\maven\repository\org\thymeleaf\thymeleaf-spring5\3.0.11.RELEASE\thymeleaf-spring5-3.0.11.RELEASE.jar;E:\MyDownloads\javaWeb\maven\repository\org\thymeleaf\thymeleaf\3.0.11.RELEASE\thymeleaf-3.0.11.RELEASE.jar;E:\MyDownloads\javaWeb\maven\repository\org\attoparser\attoparser\2.0.5.RELEASE\attoparser-2.0.5.RELEASE.jar;E:\MyDownloads\javaWeb\maven\repository\org\unbescape\unbescape\1.1.6.RELEASE\unbescape-1.1.6.RELEASE.jar;E:\MyDownloads\javaWeb\maven\repository\org\slf4j\slf4j-api\1.7.26\slf4j-api-1.7.26.jar;E:\MyDownloads\javaWeb\maven\repository\org\thymeleaf\extras\thymeleaf-extras-java8time\3.0.4.RELEASE\thymeleaf-extras-java8time-3.0.4.RELEASE.jar;E:\MyDownloads\javaWeb\maven\repository\org\springframework\boot\spring-boot-starter-jdbc\2.1.4.RELEASE\spring-boot-starter-jdbc-2.1.4.RELEASE.jar;E:\MyDownloads\javaWeb\maven\repository\com\zaxxer\HikariCP\3.2.0\HikariCP-3.2.0.jar;E:\MyDownloads\javaWeb\maven\repository\org\springframework\spring-jdbc\5.1.6.RELEASE\spring-jdbc-5.1.6.RELEASE.jar;E:\MyDownloads\javaWeb\maven\repository\org\springframework\spring-tx\5.1.6.RELEASE\spring-tx-5.1.6.RELEASE.jar;E:\MyDownloads\javaWeb\maven\repository\org\mybatis\spring\boot\mybatis-spring-boot-starter\2.0.1\mybatis-spring-boot-starter-2.0.1.jar;E:\MyDownloads\javaWeb\maven\repository\org\mybatis\spring\boot\mybatis-spring-boot-autoconfigure\2.0.1\mybatis-spring-boot-autoconfigure-2.0.1.jar;E:\MyDownloads\javaWeb\maven\repository\org\mybatis\mybatis\3.5.1\mybatis-3.5.1.jar;E:\MyDownloads\javaWeb\maven\repository\org\mybatis\mybatis-spring\2.0.1\mybatis-spring-2.0.1.jar;E:\MyDownloads\javaWeb\maven\repository\org\springframework\boot\spring-boot-starter-test\2.1.4.RELEASE\spring-boot-starter-test-2.1.4.RELEASE.jar;E:\MyDownloads\javaWeb\maven\repository\org\springframework\boot\spring-boot-test\2.1.4.RELEASE\spring-boot-test-2.1.4.RELEASE.jar;E:\MyDownloads\javaWeb\maven\repository\org\springframework\boot\spring-boot-test-autoconfigure\2.1.4.RELEASE\spring-boot-test-autoconfigure-2.1.4.RELEASE.jar;E:\MyDownloads\javaWeb\maven\repository\com\jayway\jsonpath\json-path\2.4.0\json-path-2.4.0.jar;E:\MyDownloads\javaWeb\maven\repository\net\minidev\json-smart\2.3\json-smart-2.3.jar;E:\MyDownloads\javaWeb\maven\repository\net\minidev\accessors-smart\1.2\accessors-smart-1.2.jar;E:\MyDownloads\javaWeb\maven\repository\org\ow2\asm\asm\5.0.4\asm-5.0.4.jar;E:\MyDownloads\javaWeb\maven\repository\junit\junit\4.12\junit-4.12.jar;E:\MyDownloads\javaWeb\maven\repository\org\assertj\assertj-core\3.11.1\assertj-core-3.11.1.jar;E:\MyDownloads\javaWeb\maven\repository\org\mockito\mockito-core\2.23.4\mockito-core-2.23.4.jar;E:\MyDownloads\javaWeb\maven\repository\net\bytebuddy\byte-buddy\1.9.12\byte-buddy-1.9.12.jar;E:\MyDownloads\javaWeb\maven\repository\net\bytebuddy\byte-buddy-agent\1.9.12\byte-buddy-agent-1.9.12.jar;E:\MyDownloads\javaWeb\maven\repository\org\objenesis\objenesis\2.6\objenesis-2.6.jar;E:\MyDownloads\javaWeb\maven\repository\org\hamcrest\hamcrest-core\1.3\hamcrest-core-1.3.jar;E:\MyDownloads\javaWeb\maven\repository\org\hamcrest\hamcrest-library\1.3\hamcrest-library-1.3.jar;E:\MyDownloads\javaWeb\maven\repository\org\skyscreamer\jsonassert\1.5.0\jsonassert-1.5.0.jar;E:\MyDownloads\javaWeb\maven\repository\com\vaadin\external\google\android-json\0.0.20131108.vaadin1\android-json-0.0.20131108.vaadin1.jar;E:\MyDownloads\javaWeb\maven\repository\org\springframework\spring-core\5.1.6.RELEASE\spring-core-5.1.6.RELEASE.jar;E:\MyDownloads\javaWeb\maven\repository\org\springframework\spring-jcl\5.1.6.RELEASE\spring-jcl-5.1.6.RELEASE.jar;E:\MyDownloads\javaWeb\maven\repository\org\springframework\spring-test\5.1.6.RELEASE\spring-test-5.1.6.RELEASE.jar;E:\MyDownloads\javaWeb\maven\repository\org\xmlunit\xmlunit-core\2.6.2\xmlunit-core-2.6.2.jar;E:\MyDownloads\javaWeb\maven\repository\com\squareup\okhttp3\okhttp\3.14.1\okhttp-3.14.1.jar;E:\MyDownloads\javaWeb\maven\repository\com\squareup\okio\okio\1.17.2\okio-1.17.2.jar;E:\MyDownloads\javaWeb\maven\repository\com\alibaba\fastjson\1.2.57\fastjson-1.2.57.jar;E:\MyDownloads\javaWeb\maven\repository\net\sf\trove4j\core\3.1.0\core-3.1.0.jar;E:\MyDownloads\javaWeb\maven\repository\mysql\mysql-connector-java\5.1.45\mysql-connector-java-5.1.45.jar;E:\MyDownloads\javaWeb\maven\repository\com\h2database\h2\1.4.199\h2-1.4.199.jar;E:\MyDownloads\javaWeb\maven\repository\org\projectlombok\lombok\1.18.6\lombok-1.18.6.jar;E:\MyDownloads\javaWeb\maven\repository\org\springframework\boot\spring-boot-devtools\2.1.4.RELEASE\spring-boot-devtools-2.1.4.RELEASE.jar;E:\MyDownloads\javaWeb\maven\repository\org\springframework\boot\spring-boot\2.1.4.RELEASE\spring-boot-2.1.4.RELEASE.jar;E:\MyDownloads\javaWeb\maven\repository\org\springframework\boot\spring-boot-autoconfigure\2.1.4.RELEASE\spring-boot-autoconfigure-2.1.4.RELEASE.jar;E:\MyDownloads\javaWeb\maven\repository\org\apache\commons\commons-lang3\3.9\commons-lang3-3.9.jar;E:\MyDownloads\javaWeb\maven\repository\cn\ucloud\ufile\ufile-client-java\2.1.1\ufile-client-java-2.1.1.jar;E:\MyDownloads\javaWeb\maven\repository\com\google\code\gson\gson\2.8.5\gson-2.8.5.jar;E:\MyDownloads\javaWeb\maven\repository\cn\ucloud\ufile\ufile-core\2.1.1\ufile-core-2.1.1.jar;"/>
    <property name="sun.cpu.endian" value="little"/>
    <property name="user.home" value="C:\Users\张玉雷"/>
    <property name="user.language" value="zh"/>
    <property name="java.specification.vendor" value="Oracle Corporation"/>
    <property name="java.home" value="C:\Program Files\Java\jre1.8.0_201"/>
    <property name="basedir" value="E:\MyDownloads\JavaProject\spring-bootProject\community-master\community-master"/>
    <property name="file.separator" value="\"/>
    <property name="line.separator" value="&#10;"/>
    <property name="java.vm.specification.vendor" value="Oracle Corporation"/>
    <property name="java.specification.name" value="Java Platform API Specification"/>
    <property name="java.awt.graphicsenv" value="sun.awt.Win32GraphicsEnvironment"/>
    <property name="surefire.real.class.path" value="C:\Users\张玉雷\AppData\Local\Temp\surefire3399421599957533\surefirebooter6499079125945604636.jar"/>
    <property name="sun.boot.class.path" value="C:\Program Files\Java\jre1.8.0_201\lib\resources.jar;C:\Program Files\Java\jre1.8.0_201\lib\rt.jar;C:\Program Files\Java\jre1.8.0_201\lib\sunrsasign.jar;C:\Program Files\Java\jre1.8.0_201\lib\jsse.jar;C:\Program Files\Java\jre1.8.0_201\lib\jce.jar;C:\Program Files\Java\jre1.8.0_201\lib\charsets.jar;C:\Program Files\Java\jre1.8.0_201\lib\jfr.jar;C:\Program Files\Java\jre1.8.0_201\classes"/>
    <property name="user.script" value=""/>
    <property name="sun.management.compiler" value="HotSpot 64-Bit Tiered Compilers"/>
    <property name="java.runtime.version" value="1.8.0_201-b09"/>
    <property name="user.name" value="张玉雷"/>
    <property name="path.separator" value=";"/>
    <property name="os.version" value="10.0"/>
    <property name="java.endorsed.dirs" value="C:\Program Files\Java\jre1.8.0_201\lib\endorsed"/>
    <property name="java.runtime.name" value="Java(TM) SE Runtime Environment"/>
    <property name="file.encoding" value="GBK"/>
    <property name="java.vm.name" value="Java HotSpot(TM) 64-Bit Server VM"/>
    <property name="localRepository" value="E:\MyDownloads\javaWeb\maven\repository"/>
    <property name="java.vendor.url.bug" value="http://bugreport.sun.com/bugreport/"/>
    <property name="java.io.tmpdir" value="C:\Users\张玉雷\AppData\Local\Temp\"/>
    <property name="java.version" value="1.8.0_201"/>
    <property name="user.dir" value="E:\MyDownloads\JavaProject\spring-bootProject\community-master\community-master"/>
    <property name="os.arch" value="amd64"/>
    <property name="java.vm.specification.name" value="Java Virtual Machine Specification"/>
    <property name="java.awt.printerjob" value="sun.awt.windows.WPrinterJob"/>
    <property name="sun.os.patch.level" value=""/>
    <property name="java.library.path" value="C:\Program Files\Java\jre1.8.0_201\bin;C:\Windows\Sun\Java\bin;C:\Windows\system32;C:\Windows;C:\Program Files (x86)\Common Files\Oracle\Java\javapath;C:\Windows\system32;C:\Windows;C:\Windows\System32\Wbem:E:\MinGW\bin\:;C:\Windows\System32\WindowsPowerShell\v1.0\;C:\Windows\System32\OpenSSH\;E:\2345Downloads\doxygen\bin;E:\课上软件\程序设计基础\CodeBlocks\MinGW\bin;E:\MinGw\;in;C:\Program Files\dotnet\;E:\MyDownloads\Download\bin;D:\bin;E:\MyDownloads\javaWeb\maven\apache-maven-3.3.9\bin;E:\MyDownloads\Git\Git\cmd;C:\Program Files\Microsoft SQL Server\110\Tools\Binn\;C:\Program Files (x86)\Microsoft SQL Server\110\Tools\Binn\;C:\Program Files\Microsoft SQL Server\110\DTS\Binn\;C:\Program Files (x86)\Microsoft SQL Server\110\Tools\Binn\ManagementStudio\;C:\Program Files (x86)\Microsoft Visual Studio 10.0\Common7\IDE\PrivateAssemblies\;C:\Program Files (x86)\Microsoft SQL Server\110\DTS\Binn\;C:\Program Files\Microsoft SQL Server\130\Tools\Binn\;E:\MyDownloads\CentosSoft\;D:\MyCoding\GoLangCoding\golangGRE\bin;E:\MyDownloads\node.js\node;E:\Software\程序设计基础\python\Scripts\;E:\Software\程序设计基础\python\;C:\Users\张玉雷\AppData\Local\Microsoft\WindowsApps;E:\Microsoft VS Code Insiders\bin;E:\MyDownloads\Download\Microsoft VS Code Insiders\bin;A:\MinGw\bin;E:\课上\程序设计基础\Microsoft VS Code\bin;E:\Software\程序设计基础\golang\GoLand 2019.2\bin;;C:\Users\张玉雷\go\bin;E:\MyDownloads\node.js\nvm;E:\MyDownloads\node.js;E:\MyDownloads\node.js\nvm\v5.5.0\node_modules\npm;E:\MyDownloads\node.js\work\npm;;."/>
    <property name="java.vm.info" value="mixed mode"/>
    <property name="java.vendor" value="Oracle Corporation"/>
    <property name="java.vm.version" value="25.201-b09"/>
    <property name="java.ext.dirs" value="C:\Program Files\Java\jre1.8.0_201\lib\ext;C:\Windows\Sun\Java\lib\ext"/>
    <property name="sun.io.unicode.encoding" value="UnicodeLittle"/>
    <property name="java.class.version" value="52.0"/>
  </properties>
  <testcase name="contextLoads" classname="life.majiang.community.CommunityApplicationTests" time="1.142"/>
</testsuite>